#! /usr/bin/vvp
:ivl_version "10.1 (stable)";
:ivl_delay_selection "TYPICAL";
:vpi_time_precision - 12;
:vpi_module "system";
:vpi_module "vhdl_sys";
:vpi_module "v2005_math";
:vpi_module "va_math";
S_0x55bbf5128a30 .scope module, "TLC_test" "TLC_test" 2 104;
 .timescale -9 -12;
v0x55bbf5149470_0 .var "TA", 0 0;
v0x55bbf5149530_0 .var "TB", 0 0;
v0x55bbf51495d0_0 .var "clock", 0 0;
v0x55bbf51496d0_0 .var "cond", 0 0;
v0x55bbf51497a0_0 .net "lightA", 1 0, v0x55bbf5149030_0;  1 drivers
v0x55bbf5149840_0 .net "lightB", 1 0, v0x55bbf5149110_0;  1 drivers
v0x55bbf5149910_0 .var "reset", 0 0;
S_0x55bbf5128bb0 .scope module, "test" "TLC" 2 108, 2 2 0, S_0x55bbf5128a30;
 .timescale 0 0;
    .port_info 0 /INPUT 1 "clock"
    .port_info 1 /INPUT 1 "TA"
    .port_info 2 /INPUT 1 "TB"
    .port_info 3 /OUTPUT 2 "lightA"
    .port_info 4 /OUTPUT 2 "lightB"
    .port_info 5 /INPUT 1 "cond"
    .port_info 6 /INPUT 1 "reset"
P_0x55bbf5128d30 .param/l "GREEN" 0 2 18, C4<10>;
P_0x55bbf5128d70 .param/l "RED" 0 2 16, C4<00>;
P_0x55bbf5128db0 .param/l "S0" 0 2 9, C4<001>;
P_0x55bbf5128df0 .param/l "S1" 0 2 10, C4<010>;
P_0x55bbf5128e30 .param/l "S2" 0 2 11, C4<011>;
P_0x55bbf5128e70 .param/l "S3" 0 2 12, C4<100>;
P_0x55bbf5128eb0 .param/l "S4" 0 2 13, C4<101>;
P_0x55bbf5128ef0 .param/l "S5" 0 2 14, C4<110>;
P_0x55bbf5128f30 .param/l "YELLOW" 0 2 17, C4<01>;
v0x55bbf5122c90_0 .net "TA", 0 0, v0x55bbf5149470_0;  1 drivers
v0x55bbf51243c0_0 .net "TB", 0 0, v0x55bbf5149530_0;  1 drivers
v0x55bbf5126be0_0 .net "clock", 0 0, v0x55bbf51495d0_0;  1 drivers
v0x55bbf5126c80_0 .net "cond", 0 0, v0x55bbf51496d0_0;  1 drivers
v0x55bbf5148da0_0 .var "count", 0 0;
v0x55bbf5148eb0_0 .var "count_delay", 0 0;
v0x55bbf5148f70_0 .var "delay", 0 0;
v0x55bbf5149030_0 .var "lightA", 1 0;
v0x55bbf5149110_0 .var "lightB", 1 0;
v0x55bbf51491f0_0 .net "reset", 0 0, v0x55bbf5149910_0;  1 drivers
v0x55bbf51492b0_0 .var "state", 2 0;
E_0x55bbf5110ff0 .event posedge, v0x55bbf5126be0_0;
    .scope S_0x55bbf5128bb0;
T_0 ;
    %pushi/vec4 1, 0, 3;
    %assign/vec4 v0x55bbf51492b0_0, 0;
    %end;
    .thread T_0;
    .scope S_0x55bbf5128bb0;
T_1 ;
    %wait E_0x55bbf5110ff0;
    %load/vec4 v0x55bbf51491f0_0;
    %nor/r;
    %flag_set/vec4 8;
    %jmp/0xz  T_1.0, 8;
    %load/vec4 v0x55bbf51492b0_0;
    %dup/vec4;
    %pushi/vec4 1, 0, 3;
    %cmp/u;
    %jmp/1 T_1.2, 6;
    %dup/vec4;
    %pushi/vec4 2, 0, 3;
    %cmp/u;
    %jmp/1 T_1.3, 6;
    %dup/vec4;
    %pushi/vec4 3, 0, 3;
    %cmp/u;
    %jmp/1 T_1.4, 6;
    %dup/vec4;
    %pushi/vec4 4, 0, 3;
    %cmp/u;
    %jmp/1 T_1.5, 6;
    %dup/vec4;
    %pushi/vec4 5, 0, 3;
    %cmp/u;
    %jmp/1 T_1.6, 6;
    %dup/vec4;
    %pushi/vec4 6, 0, 3;
    %cmp/u;
    %jmp/1 T_1.7, 6;
    %pushi/vec4 1, 0, 3;
    %assign/vec4 v0x55bbf51492b0_0, 0;
    %jmp T_1.9;
T_1.2 ;
    %load/vec4 v0x55bbf5122c90_0;
    %pad/u 32;
    %pushi/vec4 0, 0, 32;
    %cmp/e;
    %flag_get/vec4 4;
    %load/vec4 v0x55bbf5126c80_0;
    %pad/u 32;
    %pushi/vec4 1, 0, 32;
    %cmp/e;
    %flag_get/vec4 4;
    %and;
    %flag_set/vec4 8;
    %jmp/0xz  T_1.10, 8;
    %pushi/vec4 3, 0, 3;
    %store/vec4 v0x55bbf51492b0_0, 0, 3;
    %jmp T_1.11;
T_1.10 ;
    %load/vec4 v0x55bbf5122c90_0;
    %pad/u 32;
    %cmpi/e 0, 0, 32;
    %jmp/0xz  T_1.12, 4;
    %pushi/vec4 2, 0, 3;
    %store/vec4 v0x55bbf51492b0_0, 0, 3;
    %jmp T_1.13;
T_1.12 ;
    %pushi/vec4 1, 0, 3;
    %store/vec4 v0x55bbf51492b0_0, 0, 3;
T_1.13 ;
T_1.11 ;
    %jmp T_1.9;
T_1.3 ;
    %pushi/vec4 5, 0, 3;
    %store/vec4 v0x55bbf51492b0_0, 0, 3;
    %jmp T_1.9;
T_1.4 ;
    %pushi/vec4 1, 0, 1;
    %store/vec4 v0x55bbf5148f70_0, 0, 1;
    %load/vec4 v0x55bbf5148eb0_0;
    %pad/u 32;
    %cmpi/e 1, 0, 32;
    %jmp/0xz  T_1.14, 4;
    %pushi/vec4 5, 0, 3;
    %store/vec4 v0x55bbf51492b0_0, 0, 3;
T_1.14 ;
    %jmp T_1.9;
T_1.5 ;
    %pushi/vec4 1, 0, 3;
    %store/vec4 v0x55bbf51492b0_0, 0, 3;
    %jmp T_1.9;
T_1.6 ;
    %load/vec4 v0x55bbf51243c0_0;
    %pad/u 32;
    %pushi/vec4 0, 0, 32;
    %cmp/e;
    %flag_get/vec4 4;
    %load/vec4 v0x55bbf5126c80_0;
    %pad/u 32;
    %pushi/vec4 1, 0, 32;
    %cmp/e;
    %flag_get/vec4 4;
    %and;
    %flag_set/vec4 8;
    %jmp/0xz  T_1.16, 8;
    %pushi/vec4 6, 0, 3;
    %store/vec4 v0x55bbf51492b0_0, 0, 3;
    %jmp T_1.17;
T_1.16 ;
    %load/vec4 v0x55bbf51243c0_0;
    %pad/u 32;
    %cmpi/e 0, 0, 32;
    %jmp/0xz  T_1.18, 4;
    %pushi/vec4 4, 0, 3;
    %store/vec4 v0x55bbf51492b0_0, 0, 3;
    %jmp T_1.19;
T_1.18 ;
    %pushi/vec4 5, 0, 3;
    %store/vec4 v0x55bbf51492b0_0, 0, 3;
T_1.19 ;
T_1.17 ;
    %jmp T_1.9;
T_1.7 ;
    %pushi/vec4 1, 0, 1;
    %store/vec4 v0x55bbf5148f70_0, 0, 1;
    %load/vec4 v0x55bbf5148eb0_0;
    %pad/u 32;
    %cmpi/e 1, 0, 32;
    %jmp/0xz  T_1.20, 4;
    %pushi/vec4 1, 0, 3;
    %store/vec4 v0x55bbf51492b0_0, 0, 3;
T_1.20 ;
    %jmp T_1.9;
T_1.9 ;
    %pop/vec4 1;
    %jmp T_1.1;
T_1.0 ;
    %pushi/vec4 1, 0, 3;
    %assign/vec4 v0x55bbf51492b0_0, 0;
T_1.1 ;
    %jmp T_1;
    .thread T_1;
    .scope S_0x55bbf5128bb0;
T_2 ;
    %wait E_0x55bbf5110ff0;
    %load/vec4 v0x55bbf51492b0_0;
    %dup/vec4;
    %pushi/vec4 1, 0, 3;
    %cmp/u;
    %jmp/1 T_2.0, 6;
    %dup/vec4;
    %pushi/vec4 2, 0, 3;
    %cmp/u;
    %jmp/1 T_2.1, 6;
    %dup/vec4;
    %pushi/vec4 3, 0, 3;
    %cmp/u;
    %jmp/1 T_2.2, 6;
    %dup/vec4;
    %pushi/vec4 4, 0, 3;
    %cmp/u;
    %jmp/1 T_2.3, 6;
    %dup/vec4;
    %pushi/vec4 5, 0, 3;
    %cmp/u;
    %jmp/1 T_2.4, 6;
    %dup/vec4;
    %pushi/vec4 6, 0, 3;
    %cmp/u;
    %jmp/1 T_2.5, 6;
    %pushi/vec4 2, 0, 2;
    %cassign/vec4 v0x55bbf5149030_0;
    %pushi/vec4 0, 0, 2;
    %cassign/vec4 v0x55bbf5149110_0;
    %jmp T_2.7;
T_2.0 ;
    %pushi/vec4 2, 0, 2;
    %cassign/vec4 v0x55bbf5149030_0;
    %pushi/vec4 0, 0, 2;
    %cassign/vec4 v0x55bbf5149110_0;
    %jmp T_2.7;
T_2.1 ;
    %pushi/vec4 1, 0, 2;
    %cassign/vec4 v0x55bbf5149030_0;
    %pushi/vec4 0, 0, 2;
    %cassign/vec4 v0x55bbf5149110_0;
    %jmp T_2.7;
T_2.2 ;
    %pushi/vec4 1, 0, 2;
    %cassign/vec4 v0x55bbf5149030_0;
    %pushi/vec4 0, 0, 2;
    %cassign/vec4 v0x55bbf5149110_0;
    %jmp T_2.7;
T_2.3 ;
    %pushi/vec4 0, 0, 2;
    %cassign/vec4 v0x55bbf5149030_0;
    %pushi/vec4 1, 0, 2;
    %cassign/vec4 v0x55bbf5149110_0;
    %jmp T_2.7;
T_2.4 ;
    %pushi/vec4 0, 0, 2;
    %cassign/vec4 v0x55bbf5149030_0;
    %pushi/vec4 2, 0, 2;
    %cassign/vec4 v0x55bbf5149110_0;
    %jmp T_2.7;
T_2.5 ;
    %pushi/vec4 0, 0, 2;
    %cassign/vec4 v0x55bbf5149030_0;
    %pushi/vec4 1, 0, 2;
    %cassign/vec4 v0x55bbf5149110_0;
    %jmp T_2.7;
T_2.7 ;
    %pop/vec4 1;
    %jmp T_2;
    .thread T_2;
    .scope S_0x55bbf5128bb0;
T_3 ;
    %wait E_0x55bbf5110ff0;
    %load/vec4 v0x55bbf5148f70_0;
    %flag_set/vec4 8;
    %jmp/0xz  T_3.0, 8;
    %load/vec4 v0x55bbf5148da0_0;
    %pad/u 2;
    %addi 1, 0, 2;
    %pad/u 1;
    %assign/vec4 v0x55bbf5148da0_0, 0;
T_3.0 ;
    %load/vec4 v0x55bbf5148da0_0;
    %pad/u 32;
    %cmpi/e 2, 0, 32;
    %jmp/0xz  T_3.2, 4;
    %pushi/vec4 1, 0, 1;
    %store/vec4 v0x55bbf5148eb0_0, 0, 1;
T_3.2 ;
    %pushi/vec4 0, 0, 1;
    %assign/vec4 v0x55bbf5148da0_0, 0;
    %jmp T_3;
    .thread T_3;
    .scope S_0x55bbf5128a30;
T_4 ;
    %pushi/vec4 0, 0, 1;
    %store/vec4 v0x55bbf51495d0_0, 0, 1;
    %pushi/vec4 0, 0, 1;
    %store/vec4 v0x55bbf5149910_0, 0, 1;
    %pushi/vec4 0, 0, 1;
    %store/vec4 v0x55bbf51496d0_0, 0, 1;
    %end;
    .thread T_4;
    .scope S_0x55bbf5128a30;
T_5 ;
    %delay 5000, 0;
    %load/vec4 v0x55bbf51495d0_0;
    %inv;
    %store/vec4 v0x55bbf51495d0_0, 0, 1;
    %jmp T_5;
    .thread T_5;
    .scope S_0x55bbf5128a30;
T_6 ;
    %vpi_call 2 121 "$dumpfile", "TLC_out.vcd" {0 0 0};
    %vpi_call 2 122 "$dumpvars", 32'sb00000000000000000000000000000000, S_0x55bbf5128a30 {0 0 0};
    %vpi_call 2 123 "$monitor", $time, " clock = %b , rst = %b , TA = %b ,  TB = %b , lightA = %2b  , lightB = %2b ", v0x55bbf51495d0_0, v0x55bbf5149910_0, v0x55bbf5149470_0, v0x55bbf5149530_0, v0x55bbf51497a0_0, v0x55bbf5149840_0 {0 0 0};
    %delay 5000, 0;
    %pushi/vec4 1, 0, 1;
    %store/vec4 v0x55bbf5149470_0, 0, 1;
    %delay 20000, 0;
    %pushi/vec4 0, 0, 1;
    %store/vec4 v0x55bbf5149470_0, 0, 1;
    %delay 20000, 0;
    %pushi/vec4 0, 0, 1;
    %store/vec4 v0x55bbf5149530_0, 0, 1;
    %pushi/vec4 1, 0, 1;
    %store/vec4 v0x55bbf5149470_0, 0, 1;
    %delay 20000, 0;
    %pushi/vec4 1, 0, 1;
    %store/vec4 v0x55bbf51496d0_0, 0, 1;
    %pushi/vec4 1, 0, 1;
    %store/vec4 v0x55bbf5149530_0, 0, 1;
    %delay 1000, 0;
    %delay 20000, 0;
    %pushi/vec4 0, 0, 1;
    %store/vec4 v0x55bbf5149530_0, 0, 1;
    %pushi/vec4 1, 0, 1;
    %store/vec4 v0x55bbf5149470_0, 0, 1;
    %delay 20000, 0;
    %vpi_call 2 131 "$finish" {0 0 0};
    %end;
    .thread T_6;
# The file index is used to find the file name in the following table.
:file_names 3;
    "N/A";
    "<interactive>";
    "TLC_FSM.v";
