#! /usr/bin/vvp
:ivl_version "10.1 (stable)";
:ivl_delay_selection "TYPICAL";
:vpi_time_precision - 12;
:vpi_module "system";
:vpi_module "vhdl_sys";
:vpi_module "v2005_math";
:vpi_module "va_math";
S_0x55c0212c3010 .scope module, "testbench" "testbench" 2 3;
 .timescale -9 -12;
v0x55c0212e3750_0 .var "clk", 0 0;
v0x55c0212e3810_0 .var "in", 0 0;
v0x55c0212e38e0_0 .net "out", 0 0, v0x55c0212e35e0_0;  1 drivers
v0x55c0212e39e0_0 .var "rst", 0 0;
S_0x55c0212c3190 .scope module, "dut" "flip_flop" 2 9, 3 1 0, S_0x55c0212c3010;
 .timescale 0 0;
    .port_info 0 /INPUT 1 "clk"
    .port_info 1 /INPUT 1 "d"
    .port_info 2 /OUTPUT 1 "q"
    .port_info 3 /INPUT 1 "clr"
v0x55c0212c33d0_0 .net "clk", 0 0, v0x55c0212e3750_0;  1 drivers
v0x55c0212e3450_0 .net "clr", 0 0, v0x55c0212e39e0_0;  1 drivers
v0x55c0212e3510_0 .net "d", 0 0, v0x55c0212e3810_0;  1 drivers
v0x55c0212e35e0_0 .var "q", 0 0;
E_0x55c0212bc970 .event posedge, v0x55c0212c33d0_0;
    .scope S_0x55c0212c3190;
T_0 ;
    %wait E_0x55c0212bc970;
    %load/vec4 v0x55c0212e3450_0;
    %flag_set/vec4 8;
    %jmp/0xz  T_0.0, 8;
    %pushi/vec4 0, 0, 1;
    %assign/vec4 v0x55c0212e35e0_0, 0;
    %jmp T_0.1;
T_0.0 ;
    %load/vec4 v0x55c0212e3510_0;
    %assign/vec4 v0x55c0212e35e0_0, 0;
T_0.1 ;
    %jmp T_0;
    .thread T_0;
    .scope S_0x55c0212c3010;
T_1 ;
    %pushi/vec4 0, 0, 1;
    %store/vec4 v0x55c0212e3750_0, 0, 1;
T_1.0 ;
    %delay 10000, 0;
    %load/vec4 v0x55c0212e3750_0;
    %inv;
    %store/vec4 v0x55c0212e3750_0, 0, 1;
    %jmp T_1.0;
    %end;
    .thread T_1;
    .scope S_0x55c0212c3010;
T_2 ;
    %vpi_call 2 17 "$dumpfile", "flip_flop_out.vcd" {0 0 0};
    %vpi_call 2 18 "$dumpvars", 32'sb00000000000000000000000000000000, S_0x55c0212c3010 {0 0 0};
    %vpi_call 2 19 "$monitor", $time, "  in = %b , clk = %b , rst = %b , out = %b ", v0x55c0212e3810_0, v0x55c0212e3750_0, v0x55c0212e39e0_0, v0x55c0212e38e0_0 {0 0 0};
    %delay 20000, 0;
    %pushi/vec4 0, 0, 1;
    %store/vec4 v0x55c0212e3810_0, 0, 1;
    %pushi/vec4 0, 0, 1;
    %store/vec4 v0x55c0212e39e0_0, 0, 1;
    %delay 20000, 0;
    %pushi/vec4 1, 0, 1;
    %store/vec4 v0x55c0212e3810_0, 0, 1;
    %delay 20000, 0;
    %pushi/vec4 0, 0, 1;
    %store/vec4 v0x55c0212e3810_0, 0, 1;
    %delay 20000, 0;
    %pushi/vec4 1, 0, 1;
    %store/vec4 v0x55c0212e3810_0, 0, 1;
    %pushi/vec4 0, 0, 1;
    %store/vec4 v0x55c0212e39e0_0, 0, 1;
    %delay 10000, 0;
    %pushi/vec4 1, 0, 1;
    %store/vec4 v0x55c0212e3810_0, 0, 1;
    %pushi/vec4 1, 0, 1;
    %store/vec4 v0x55c0212e39e0_0, 0, 1;
    %delay 10000, 0;
    %vpi_call 2 27 "$finish" {0 0 0};
    %end;
    .thread T_2;
# The file index is used to find the file name in the following table.
:file_names 4;
    "N/A";
    "<interactive>";
    "flip-flop_with_a_negative-edge_clock_and_asynchronous_clear_tb.v";
    "flip-flop_with_a_negative-edge_clock_and_asynchronous_clear.v";
