#! /usr/bin/vvp
:ivl_version "10.1 (stable)";
:ivl_delay_selection "TYPICAL";
:vpi_time_precision + 0;
:vpi_module "system";
:vpi_module "vhdl_sys";
:vpi_module "v2005_math";
:vpi_module "va_math";
S_0x55b9dc766280 .scope module, "MUL_test" "MUL_test" 2 1;
 .timescale 0 0;
v0x55b9dc7a9710_0 .var "clk", 0 0;
v0x55b9dc7a97d0_0 .net "clrP", 0 0, v0x55b9dc77fd80_0;  1 drivers
v0x55b9dc7a9890_0 .var "data_in", 15 0;
v0x55b9dc7a9930_0 .net "decB", 0 0, v0x55b9dc77e3e0_0;  1 drivers
v0x55b9dc7a99d0_0 .net "done", 0 0, v0x55b9dc77f3b0_0;  1 drivers
v0x55b9dc7a9a70_0 .net "eqz", 0 0, L_0x55b9dc7b9f70;  1 drivers
v0x55b9dc7a9b10_0 .net "ldA", 0 0, v0x55b9dc7a6180_0;  1 drivers
v0x55b9dc7a9bb0_0 .net "ldB", 0 0, v0x55b9dc7a6240_0;  1 drivers
v0x55b9dc7a9c50_0 .net "ldP", 0 0, v0x55b9dc7a6300_0;  1 drivers
v0x55b9dc7a9d80_0 .var "start", 0 0;
S_0x55b9dc786cc0 .scope module, "CON" "MUL_controller" 2 7, 3 3 0, S_0x55b9dc766280;
 .timescale 0 0;
    .port_info 0 /OUTPUT 1 "ldA"
    .port_info 1 /OUTPUT 1 "ldB"
    .port_info 2 /OUTPUT 1 "ldP"
    .port_info 3 /OUTPUT 1 "clrP"
    .port_info 4 /OUTPUT 1 "decB"
    .port_info 5 /OUTPUT 1 "done"
    .port_info 6 /INPUT 1 "clk"
    .port_info 7 /INPUT 1 "eqz"
    .port_info 8 /INPUT 1 "start"
P_0x55b9dc786e40 .param/l "S0" 0 3 8, C4<000>;
P_0x55b9dc786e80 .param/l "S1" 0 3 8, C4<001>;
P_0x55b9dc786ec0 .param/l "S2" 0 3 8, C4<010>;
P_0x55b9dc786f00 .param/l "S3" 0 3 8, C4<011>;
P_0x55b9dc786f40 .param/l "S4" 0 3 8, C4<100>;
v0x55b9dc77eed0_0 .net "clk", 0 0, v0x55b9dc7a9710_0;  1 drivers
v0x55b9dc77fd80_0 .var "clrP", 0 0;
v0x55b9dc77e3e0_0 .var "decB", 0 0;
v0x55b9dc77f3b0_0 .var "done", 0 0;
v0x55b9dc7a6070_0 .net "eqz", 0 0, L_0x55b9dc7b9f70;  alias, 1 drivers
v0x55b9dc7a6180_0 .var "ldA", 0 0;
v0x55b9dc7a6240_0 .var "ldB", 0 0;
v0x55b9dc7a6300_0 .var "ldP", 0 0;
v0x55b9dc7a63c0_0 .net "start", 0 0, v0x55b9dc7a9d80_0;  1 drivers
v0x55b9dc7a6480_0 .var "state", 4 0;
E_0x55b9dc76a790 .event edge, v0x55b9dc7a6480_0;
E_0x55b9dc76a460 .event posedge, v0x55b9dc77eed0_0;
S_0x55b9dc7a6680 .scope module, "DP" "MUL_datapath" 2 6, 4 3 0, S_0x55b9dc766280;
 .timescale 0 0;
    .port_info 0 /OUTPUT 1 "eqz"
    .port_info 1 /INPUT 1 "ldA"
    .port_info 2 /INPUT 1 "ldB"
    .port_info 3 /INPUT 1 "ldP"
    .port_info 4 /INPUT 1 "clrP"
    .port_info 5 /INPUT 1 "decB"
    .port_info 6 /INPUT 16 "data_in"
    .port_info 7 /INPUT 1 "clk"
v0x55b9dc7a8930_0 .net "Bout", 15 0, v0x55b9dc7a7930_0;  1 drivers
o0x7fd85116f3a8 .functor BUFZ 16, C4<zzzzzzzzzzzzzzzz>; HiZ drive
v0x55b9dc7a8a60_0 .net "Bus", 15 0, o0x7fd85116f3a8;  0 drivers
o0x7fd85116f4c8 .functor BUFZ 16, C4<zzzzzzzzzzzzzzzz>; HiZ drive
v0x55b9dc7a8b70_0 .net "X", 15 0, o0x7fd85116f4c8;  0 drivers
v0x55b9dc7a8c10_0 .net "Y", 15 0, v0x55b9dc7a86e0_0;  1 drivers
v0x55b9dc7a8d00_0 .net "Z", 15 0, v0x55b9dc7a72b0_0;  1 drivers
v0x55b9dc7a8e10_0 .net "clk", 0 0, v0x55b9dc7a9710_0;  alias, 1 drivers
v0x55b9dc7a8eb0_0 .net "clrP", 0 0, v0x55b9dc77fd80_0;  alias, 1 drivers
v0x55b9dc7a8f50_0 .net "data_in", 15 0, v0x55b9dc7a9890_0;  1 drivers
v0x55b9dc7a9010_0 .net "decB", 0 0, v0x55b9dc77e3e0_0;  alias, 1 drivers
v0x55b9dc7a9140_0 .net "eqz", 0 0, L_0x55b9dc7b9f70;  alias, 1 drivers
v0x55b9dc7a9230_0 .net "ldA", 0 0, v0x55b9dc7a6180_0;  alias, 1 drivers
v0x55b9dc7a9320_0 .net "ldB", 0 0, v0x55b9dc7a6240_0;  alias, 1 drivers
v0x55b9dc7a9410_0 .net "ldP", 0 0, v0x55b9dc7a6300_0;  alias, 1 drivers
v0x55b9dc7a9500_0 .net "x", 0 0, L_0x55b9dc7a9e20;  1 drivers
L_0x55b9dc7a9e20 .part v0x55b9dc7a6c90_0, 0, 1;
S_0x55b9dc7a6940 .scope module, "A" "PIPO1" 4 9, 4 19 0, S_0x55b9dc7a6680;
 .timescale 0 0;
    .port_info 0 /OUTPUT 16 "dout"
    .port_info 1 /INPUT 16 "din"
    .port_info 2 /INPUT 1 "ld"
    .port_info 3 /INPUT 1 "clk"
v0x55b9dc7a6b10_0 .net "clk", 0 0, v0x55b9dc7a9710_0;  alias, 1 drivers
v0x55b9dc7a6bd0_0 .net "din", 15 0, o0x7fd85116f3a8;  alias, 0 drivers
v0x55b9dc7a6c90_0 .var "dout", 15 0;
v0x55b9dc7a6d50_0 .net "ld", 0 0, v0x55b9dc7a6180_0;  alias, 1 drivers
S_0x55b9dc7a6e50 .scope module, "AD" "ADD" 4 12, 4 41 0, S_0x55b9dc7a6680;
 .timescale 0 0;
    .port_info 0 /OUTPUT 16 "out"
    .port_info 1 /INPUT 16 "in1"
    .port_info 2 /INPUT 16 "in2"
v0x55b9dc7a70d0_0 .net "in1", 15 0, o0x7fd85116f4c8;  alias, 0 drivers
v0x55b9dc7a71d0_0 .net "in2", 15 0, v0x55b9dc7a86e0_0;  alias, 1 drivers
v0x55b9dc7a72b0_0 .var "out", 15 0;
E_0x55b9dc768280 .event edge, v0x55b9dc7a70d0_0, v0x55b9dc7a71d0_0;
S_0x55b9dc7a73f0 .scope module, "B" "CNTR" 4 11, 4 59 0, S_0x55b9dc7a6680;
 .timescale 0 0;
    .port_info 0 /OUTPUT 16 "dout"
    .port_info 1 /INPUT 16 "din"
    .port_info 2 /INPUT 1 "ld"
    .port_info 3 /INPUT 1 "dec"
    .port_info 4 /INPUT 1 "clk"
v0x55b9dc7a76a0_0 .net "clk", 0 0, v0x55b9dc7a9710_0;  alias, 1 drivers
v0x55b9dc7a7790_0 .net "dec", 0 0, v0x55b9dc77e3e0_0;  alias, 1 drivers
v0x55b9dc7a7830_0 .net "din", 15 0, o0x7fd85116f3a8;  alias, 0 drivers
v0x55b9dc7a7930_0 .var "dout", 15 0;
v0x55b9dc7a79d0_0 .net "ld", 0 0, v0x55b9dc7a6240_0;  alias, 1 drivers
S_0x55b9dc7a7b50 .scope module, "COMP" "EQZ" 4 13, 4 51 0, S_0x55b9dc7a6680;
 .timescale 0 0;
    .port_info 0 /OUTPUT 1 "eqz"
    .port_info 1 /INPUT 16 "data"
v0x55b9dc7a7d40_0 .net *"_s0", 31 0, L_0x55b9dc7a9ec0;  1 drivers
L_0x7fd851126018 .functor BUFT 1, C4<0000000000000000>, C4<0>, C4<0>, C4<0>;
v0x55b9dc7a7e40_0 .net *"_s3", 15 0, L_0x7fd851126018;  1 drivers
L_0x7fd851126060 .functor BUFT 1, C4<00000000000000000000000000000000>, C4<0>, C4<0>, C4<0>;
v0x55b9dc7a7f20_0 .net/2u *"_s4", 31 0, L_0x7fd851126060;  1 drivers
v0x55b9dc7a7fe0_0 .net "data", 15 0, v0x55b9dc7a7930_0;  alias, 1 drivers
v0x55b9dc7a80d0_0 .net "eqz", 0 0, L_0x55b9dc7b9f70;  alias, 1 drivers
L_0x55b9dc7a9ec0 .concat [ 16 16 0 0], v0x55b9dc7a7930_0, L_0x7fd851126018;
L_0x55b9dc7b9f70 .cmp/eq 32, L_0x55b9dc7a9ec0, L_0x7fd851126060;
S_0x55b9dc7a81e0 .scope module, "P" "PIPO2" 4 10, 4 29 0, S_0x55b9dc7a6680;
 .timescale 0 0;
    .port_info 0 /OUTPUT 16 "dout"
    .port_info 1 /INPUT 16 "din"
    .port_info 2 /INPUT 1 "ld"
    .port_info 3 /INPUT 1 "clr"
    .port_info 4 /INPUT 1 "clk"
v0x55b9dc7a8480_0 .net "clk", 0 0, v0x55b9dc7a9710_0;  alias, 1 drivers
v0x55b9dc7a8520_0 .net "clr", 0 0, v0x55b9dc77fd80_0;  alias, 1 drivers
L_0x7fd8511260a8 .functor BUFT 1, C4<000000000000000z>, C4<0>, C4<0>, C4<0>;
v0x55b9dc7a8610_0 .net "din", 15 0, L_0x7fd8511260a8;  1 drivers
v0x55b9dc7a86e0_0 .var "dout", 15 0;
v0x55b9dc7a87b0_0 .net "ld", 0 0, v0x55b9dc7a6300_0;  alias, 1 drivers
    .scope S_0x55b9dc7a6940;
T_0 ;
    %wait E_0x55b9dc76a460;
    %load/vec4 v0x55b9dc7a6d50_0;
    %flag_set/vec4 8;
    %jmp/0xz  T_0.0, 8;
    %load/vec4 v0x55b9dc7a6bd0_0;
    %assign/vec4 v0x55b9dc7a6c90_0, 0;
T_0.0 ;
    %jmp T_0;
    .thread T_0;
    .scope S_0x55b9dc7a81e0;
T_1 ;
    %wait E_0x55b9dc76a460;
    %load/vec4 v0x55b9dc7a8520_0;
    %flag_set/vec4 8;
    %jmp/0xz  T_1.0, 8;
    %pushi/vec4 0, 0, 16;
    %assign/vec4 v0x55b9dc7a86e0_0, 0;
    %jmp T_1.1;
T_1.0 ;
    %load/vec4 v0x55b9dc7a87b0_0;
    %flag_set/vec4 8;
    %jmp/0xz  T_1.2, 8;
    %load/vec4 v0x55b9dc7a8610_0;
    %assign/vec4 v0x55b9dc7a86e0_0, 0;
T_1.2 ;
T_1.1 ;
    %jmp T_1;
    .thread T_1;
    .scope S_0x55b9dc7a73f0;
T_2 ;
    %wait E_0x55b9dc76a460;
    %load/vec4 v0x55b9dc7a79d0_0;
    %flag_set/vec4 8;
    %jmp/0xz  T_2.0, 8;
    %load/vec4 v0x55b9dc7a7830_0;
    %assign/vec4 v0x55b9dc7a7930_0, 0;
    %jmp T_2.1;
T_2.0 ;
    %load/vec4 v0x55b9dc7a7790_0;
    %flag_set/vec4 8;
    %jmp/0xz  T_2.2, 8;
    %load/vec4 v0x55b9dc7a7930_0;
    %subi 1, 0, 16;
    %assign/vec4 v0x55b9dc7a7930_0, 0;
T_2.2 ;
T_2.1 ;
    %jmp T_2;
    .thread T_2;
    .scope S_0x55b9dc7a6e50;
T_3 ;
    %wait E_0x55b9dc768280;
    %load/vec4 v0x55b9dc7a70d0_0;
    %load/vec4 v0x55b9dc7a71d0_0;
    %add;
    %store/vec4 v0x55b9dc7a72b0_0, 0, 16;
    %jmp T_3;
    .thread T_3, $push;
    .scope S_0x55b9dc786cc0;
T_4 ;
    %wait E_0x55b9dc76a460;
    %load/vec4 v0x55b9dc7a6480_0;
    %dup/vec4;
    %pushi/vec4 0, 0, 5;
    %cmp/u;
    %jmp/1 T_4.0, 6;
    %dup/vec4;
    %pushi/vec4 1, 0, 5;
    %cmp/u;
    %jmp/1 T_4.1, 6;
    %dup/vec4;
    %pushi/vec4 2, 0, 5;
    %cmp/u;
    %jmp/1 T_4.2, 6;
    %dup/vec4;
    %pushi/vec4 3, 0, 5;
    %cmp/u;
    %jmp/1 T_4.3, 6;
    %dup/vec4;
    %pushi/vec4 4, 0, 5;
    %cmp/u;
    %jmp/1 T_4.4, 6;
    %pushi/vec4 0, 0, 5;
    %assign/vec4 v0x55b9dc7a6480_0, 0;
    %jmp T_4.6;
T_4.0 ;
    %load/vec4 v0x55b9dc7a63c0_0;
    %flag_set/vec4 8;
    %jmp/0xz  T_4.7, 8;
    %pushi/vec4 1, 0, 5;
    %assign/vec4 v0x55b9dc7a6480_0, 0;
T_4.7 ;
    %jmp T_4.6;
T_4.1 ;
    %pushi/vec4 2, 0, 5;
    %assign/vec4 v0x55b9dc7a6480_0, 0;
    %jmp T_4.6;
T_4.2 ;
    %pushi/vec4 3, 0, 5;
    %assign/vec4 v0x55b9dc7a6480_0, 0;
    %jmp T_4.6;
T_4.3 ;
    %delay 2, 0;
    %load/vec4 v0x55b9dc7a6070_0;
    %flag_set/vec4 8;
    %jmp/0xz  T_4.9, 8;
    %pushi/vec4 4, 0, 5;
    %assign/vec4 v0x55b9dc7a6480_0, 0;
T_4.9 ;
    %jmp T_4.6;
T_4.4 ;
    %pushi/vec4 4, 0, 5;
    %assign/vec4 v0x55b9dc7a6480_0, 0;
    %jmp T_4.6;
T_4.6 ;
    %pop/vec4 1;
    %jmp T_4;
    .thread T_4;
    .scope S_0x55b9dc786cc0;
T_5 ;
    %wait E_0x55b9dc76a790;
    %load/vec4 v0x55b9dc7a6480_0;
    %dup/vec4;
    %pushi/vec4 0, 0, 5;
    %cmp/u;
    %jmp/1 T_5.0, 6;
    %dup/vec4;
    %pushi/vec4 1, 0, 5;
    %cmp/u;
    %jmp/1 T_5.1, 6;
    %dup/vec4;
    %pushi/vec4 2, 0, 5;
    %cmp/u;
    %jmp/1 T_5.2, 6;
    %dup/vec4;
    %pushi/vec4 3, 0, 5;
    %cmp/u;
    %jmp/1 T_5.3, 6;
    %dup/vec4;
    %pushi/vec4 4, 0, 5;
    %cmp/u;
    %jmp/1 T_5.4, 6;
    %delay 1, 0;
    %pushi/vec4 0, 0, 1;
    %store/vec4 v0x55b9dc7a6180_0, 0, 1;
    %pushi/vec4 0, 0, 1;
    %store/vec4 v0x55b9dc7a6180_0, 0, 1;
    %pushi/vec4 0, 0, 1;
    %store/vec4 v0x55b9dc7a6240_0, 0, 1;
    %pushi/vec4 0, 0, 1;
    %store/vec4 v0x55b9dc7a6300_0, 0, 1;
    %pushi/vec4 0, 0, 1;
    %store/vec4 v0x55b9dc77fd80_0, 0, 1;
    %pushi/vec4 0, 0, 1;
    %store/vec4 v0x55b9dc77e3e0_0, 0, 1;
    %jmp T_5.6;
T_5.0 ;
    %delay 1, 0;
    %pushi/vec4 0, 0, 1;
    %store/vec4 v0x55b9dc7a6180_0, 0, 1;
    %pushi/vec4 0, 0, 1;
    %store/vec4 v0x55b9dc7a6240_0, 0, 1;
    %pushi/vec4 0, 0, 1;
    %store/vec4 v0x55b9dc7a6300_0, 0, 1;
    %pushi/vec4 0, 0, 1;
    %store/vec4 v0x55b9dc77fd80_0, 0, 1;
    %pushi/vec4 0, 0, 1;
    %store/vec4 v0x55b9dc77e3e0_0, 0, 1;
    %jmp T_5.6;
T_5.1 ;
    %delay 1, 0;
    %pushi/vec4 1, 0, 1;
    %store/vec4 v0x55b9dc7a6180_0, 0, 1;
    %jmp T_5.6;
T_5.2 ;
    %delay 1, 0;
    %pushi/vec4 0, 0, 1;
    %store/vec4 v0x55b9dc7a6180_0, 0, 1;
    %pushi/vec4 1, 0, 1;
    %store/vec4 v0x55b9dc7a6240_0, 0, 1;
    %pushi/vec4 1, 0, 1;
    %store/vec4 v0x55b9dc77fd80_0, 0, 1;
    %jmp T_5.6;
T_5.3 ;
    %delay 1, 0;
    %pushi/vec4 0, 0, 1;
    %store/vec4 v0x55b9dc7a6240_0, 0, 1;
    %pushi/vec4 1, 0, 1;
    %store/vec4 v0x55b9dc7a6300_0, 0, 1;
    %pushi/vec4 0, 0, 1;
    %store/vec4 v0x55b9dc77fd80_0, 0, 1;
    %pushi/vec4 0, 0, 1;
    %store/vec4 v0x55b9dc77e3e0_0, 0, 1;
    %jmp T_5.6;
T_5.4 ;
    %delay 1, 0;
    %pushi/vec4 1, 0, 1;
    %store/vec4 v0x55b9dc77f3b0_0, 0, 1;
    %pushi/vec4 0, 0, 1;
    %store/vec4 v0x55b9dc7a6240_0, 0, 1;
    %pushi/vec4 0, 0, 1;
    %store/vec4 v0x55b9dc7a6300_0, 0, 1;
    %pushi/vec4 1, 0, 1;
    %store/vec4 v0x55b9dc77e3e0_0, 0, 1;
    %jmp T_5.6;
T_5.6 ;
    %pop/vec4 1;
    %jmp T_5;
    .thread T_5, $push;
    .scope S_0x55b9dc766280;
T_6 ;
    %pushi/vec4 0, 0, 1;
    %store/vec4 v0x55b9dc7a9710_0, 0, 1;
    %delay 3, 0;
    %pushi/vec4 1, 0, 1;
    %store/vec4 v0x55b9dc7a9d80_0, 0, 1;
    %delay 500, 0;
    %vpi_call 2 13 "$finish" {0 0 0};
    %end;
    .thread T_6;
    .scope S_0x55b9dc766280;
T_7 ;
    %delay 5, 0;
    %load/vec4 v0x55b9dc7a9710_0;
    %inv;
    %store/vec4 v0x55b9dc7a9710_0, 0, 1;
    %jmp T_7;
    .thread T_7;
    .scope S_0x55b9dc766280;
T_8 ;
    %delay 17, 0;
    %pushi/vec4 17, 0, 16;
    %store/vec4 v0x55b9dc7a9890_0, 0, 16;
    %delay 10, 0;
    %pushi/vec4 5, 0, 16;
    %store/vec4 v0x55b9dc7a9890_0, 0, 16;
    %end;
    .thread T_8;
    .scope S_0x55b9dc766280;
T_9 ;
    %vpi_call 2 26 "$monitor", $time, " %d %b ", v0x55b9dc7a8c10_0, v0x55b9dc7a99d0_0 {0 0 0};
    %vpi_call 2 27 "$dumpfile", "mul_out.out" {0 0 0};
    %vpi_call 2 28 "$dumpvars", 32'sb00000000000000000000000000000000, S_0x55b9dc766280 {0 0 0};
    %end;
    .thread T_9;
# The file index is used to find the file name in the following table.
:file_names 5;
    "N/A";
    "<interactive>";
    "multiplier_tb.v";
    "multiplier_controller.v";
    "multiplier_datapath.v";
