#! /usr/bin/vvp
:ivl_version "10.1 (stable)";
:ivl_delay_selection "TYPICAL";
:vpi_time_precision + 0;
:vpi_module "system";
:vpi_module "vhdl_sys";
:vpi_module "v2005_math";
:vpi_module "va_math";
S_0x5593c93ea770 .scope module, "gcd_compilation_tb" "gcd_compilation_tb" 2 1;
 .timescale 0 0;
v0x5593c940e100_0 .var "clk", 0 0;
v0x5593c940e250_0 .var "data_in", 15 0;
v0x5593c940e310_0 .net "done", 0 0, v0x5593c93df670_0;  1 drivers
v0x5593c940e3b0_0 .net "eq", 0 0, L_0x5593c940f240;  1 drivers
v0x5593c940e450_0 .net "gt", 0 0, L_0x5593c940f000;  1 drivers
v0x5593c940e540_0 .net "ldA", 0 0, v0x5593c9409ca0_0;  1 drivers
v0x5593c940e5e0_0 .net "ldB", 0 0, v0x5593c9409db0_0;  1 drivers
v0x5593c940e680_0 .net "lt", 0 0, L_0x5593c940eeb0;  1 drivers
v0x5593c940e720_0 .net "sel1", 0 0, v0x5593c9409f30_0;  1 drivers
v0x5593c940e850_0 .net "sel2", 0 0, v0x5593c9409ff0_0;  1 drivers
v0x5593c940e8f0_0 .net "sel_in", 0 0, v0x5593c940a0b0_0;  1 drivers
v0x5593c940e990_0 .var "start", 0 0;
S_0x5593c93ea8f0 .scope module, "CONT" "controller" 2 9, 3 1 0, S_0x5593c93ea770;
 .timescale 0 0;
    .port_info 0 /OUTPUT 1 "ldA"
    .port_info 1 /OUTPUT 1 "ldB"
    .port_info 2 /OUTPUT 1 "sel1"
    .port_info 3 /OUTPUT 1 "sel2"
    .port_info 4 /OUTPUT 1 "sel_in"
    .port_info 5 /OUTPUT 1 "done"
    .port_info 6 /INPUT 1 "clk"
    .port_info 7 /INPUT 1 "lt"
    .port_info 8 /INPUT 1 "gt"
    .port_info 9 /INPUT 1 "eq"
    .port_info 10 /INPUT 1 "start"
P_0x5593c93eaa70 .param/l "S0" 0 3 6, C4<000>;
P_0x5593c93eaab0 .param/l "S1" 0 3 6, C4<001>;
P_0x5593c93eaaf0 .param/l "S2" 0 3 6, C4<010>;
P_0x5593c93eab30 .param/l "S3" 0 3 6, C4<011>;
P_0x5593c93eab70 .param/l "S4" 0 3 6, C4<100>;
P_0x5593c93eabb0 .param/l "S5" 0 3 6, C4<101>;
v0x5593c93dfc40_0 .net "clk", 0 0, v0x5593c940e100_0;  1 drivers
v0x5593c93df670_0 .var "done", 0 0;
v0x5593c9409b40_0 .net "eq", 0 0, L_0x5593c940f240;  alias, 1 drivers
v0x5593c9409be0_0 .net "gt", 0 0, L_0x5593c940f000;  alias, 1 drivers
v0x5593c9409ca0_0 .var "ldA", 0 0;
v0x5593c9409db0_0 .var "ldB", 0 0;
v0x5593c9409e70_0 .net "lt", 0 0, L_0x5593c940eeb0;  alias, 1 drivers
v0x5593c9409f30_0 .var "sel1", 0 0;
v0x5593c9409ff0_0 .var "sel2", 0 0;
v0x5593c940a0b0_0 .var "sel_in", 0 0;
v0x5593c940a170_0 .net "start", 0 0, v0x5593c940e990_0;  1 drivers
v0x5593c940a230_0 .var "state", 2 0;
E_0x5593c93c1810 .event edge, v0x5593c940a230_0;
E_0x5593c93c1950 .event posedge, v0x5593c93dfc40_0;
S_0x5593c940a470 .scope module, "DP" "gcd_data_path" 2 8, 4 1 0, S_0x5593c93ea770;
 .timescale 0 0;
    .port_info 0 /OUTPUT 1 "gt"
    .port_info 1 /OUTPUT 1 "lt"
    .port_info 2 /OUTPUT 1 "eq"
    .port_info 3 /INPUT 1 "ldA"
    .port_info 4 /INPUT 1 "ldB"
    .port_info 5 /INPUT 1 "sel1"
    .port_info 6 /INPUT 1 "sel2"
    .port_info 7 /INPUT 1 "sel_in"
    .port_info 8 /INPUT 16 "data_in"
    .port_info 9 /INPUT 1 "clk"
v0x5593c940d070_0 .net "Aout", 15 0, v0x5593c940aa60_0;  1 drivers
v0x5593c940d1c0_0 .net "Bout", 15 0, v0x5593c940afc0_0;  1 drivers
v0x5593c940d310_0 .net "X", 15 0, L_0x5593c940ea30;  1 drivers
v0x5593c940d3e0_0 .net "Y", 15 0, L_0x5593c940eb60;  1 drivers
v0x5593c940d4a0_0 .net "bus", 15 0, L_0x5593c940ecb0;  1 drivers
v0x5593c940d5b0_0 .net "clk", 0 0, v0x5593c940e100_0;  alias, 1 drivers
v0x5593c940d650_0 .net "data_in", 15 0, v0x5593c940e250_0;  1 drivers
v0x5593c940d710_0 .net "eq", 0 0, L_0x5593c940f240;  alias, 1 drivers
v0x5593c940d800_0 .net "gt", 0 0, L_0x5593c940f000;  alias, 1 drivers
v0x5593c940d930_0 .net "ldA", 0 0, v0x5593c9409ca0_0;  alias, 1 drivers
v0x5593c940da20_0 .net "ldB", 0 0, v0x5593c9409db0_0;  alias, 1 drivers
v0x5593c940db10_0 .net "lt", 0 0, L_0x5593c940eeb0;  alias, 1 drivers
v0x5593c940dc00_0 .net "sel1", 0 0, v0x5593c9409f30_0;  alias, 1 drivers
v0x5593c940dcf0_0 .net "sel2", 0 0, v0x5593c9409ff0_0;  alias, 1 drivers
v0x5593c940dde0_0 .net "sel_in", 0 0, v0x5593c940a0b0_0;  alias, 1 drivers
v0x5593c940ded0_0 .net "subout", 15 0, v0x5593c940cf30_0;  1 drivers
S_0x5593c940a710 .scope module, "A" "PIPO" 4 8, 4 17 0, S_0x5593c940a470;
 .timescale 0 0;
    .port_info 0 /OUTPUT 16 "data_out"
    .port_info 1 /INPUT 16 "data_in"
    .port_info 2 /INPUT 1 "load"
    .port_info 3 /INPUT 1 "clk"
v0x5593c940a8e0_0 .net "clk", 0 0, v0x5593c940e100_0;  alias, 1 drivers
v0x5593c940a9a0_0 .net "data_in", 15 0, L_0x5593c940ecb0;  alias, 1 drivers
v0x5593c940aa60_0 .var "data_out", 15 0;
v0x5593c940ab20_0 .net "load", 0 0, v0x5593c9409ca0_0;  alias, 1 drivers
S_0x5593c940ac20 .scope module, "B" "PIPO" 4 9, 4 17 0, S_0x5593c940a470;
 .timescale 0 0;
    .port_info 0 /OUTPUT 16 "data_out"
    .port_info 1 /INPUT 16 "data_in"
    .port_info 2 /INPUT 1 "load"
    .port_info 3 /INPUT 1 "clk"
v0x5593c940ae10_0 .net "clk", 0 0, v0x5593c940e100_0;  alias, 1 drivers
v0x5593c940af00_0 .net "data_in", 15 0, L_0x5593c940ecb0;  alias, 1 drivers
v0x5593c940afc0_0 .var "data_out", 15 0;
v0x5593c940b090_0 .net "load", 0 0, v0x5593c9409db0_0;  alias, 1 drivers
S_0x5593c940b1f0 .scope module, "COMP" "COMPARE" 4 14, 4 34 0, S_0x5593c940a470;
 .timescale 0 0;
    .port_info 0 /OUTPUT 1 "lt"
    .port_info 1 /OUTPUT 1 "gt"
    .port_info 2 /OUTPUT 1 "eq"
    .port_info 3 /INPUT 16 "data1"
    .port_info 4 /INPUT 16 "data2"
v0x5593c940b470_0 .net "data1", 15 0, v0x5593c940aa60_0;  alias, 1 drivers
v0x5593c940b560_0 .net "data2", 15 0, v0x5593c940afc0_0;  alias, 1 drivers
v0x5593c940b630_0 .net "eq", 0 0, L_0x5593c940f240;  alias, 1 drivers
v0x5593c940b730_0 .net "gt", 0 0, L_0x5593c940f000;  alias, 1 drivers
v0x5593c940b800_0 .net "lt", 0 0, L_0x5593c940eeb0;  alias, 1 drivers
L_0x5593c940eeb0 .cmp/gt 16, v0x5593c940afc0_0, v0x5593c940aa60_0;
L_0x5593c940f000 .cmp/gt 16, v0x5593c940aa60_0, v0x5593c940afc0_0;
L_0x5593c940f240 .cmp/eq 16, v0x5593c940aa60_0, v0x5593c940afc0_0;
S_0x5593c940b920 .scope module, "MUX_in1" "MUX" 4 10, 4 42 0, S_0x5593c940a470;
 .timescale 0 0;
    .port_info 0 /OUTPUT 16 "out"
    .port_info 1 /INPUT 16 "data1"
    .port_info 2 /INPUT 16 "data2"
    .port_info 3 /INPUT 1 "sel"
v0x5593c940baf0_0 .net "data1", 15 0, v0x5593c940aa60_0;  alias, 1 drivers
v0x5593c940bc20_0 .net "data2", 15 0, v0x5593c940afc0_0;  alias, 1 drivers
v0x5593c940bd30_0 .net "out", 15 0, L_0x5593c940ea30;  alias, 1 drivers
v0x5593c940bdf0_0 .net "sel", 0 0, v0x5593c9409f30_0;  alias, 1 drivers
L_0x5593c940ea30 .functor MUXZ 16, v0x5593c940afc0_0, v0x5593c940aa60_0, v0x5593c9409f30_0, C4<>;
S_0x5593c940bf20 .scope module, "MUX_in2" "MUX" 4 11, 4 42 0, S_0x5593c940a470;
 .timescale 0 0;
    .port_info 0 /OUTPUT 16 "out"
    .port_info 1 /INPUT 16 "data1"
    .port_info 2 /INPUT 16 "data2"
    .port_info 3 /INPUT 1 "sel"
v0x5593c940c140_0 .net "data1", 15 0, v0x5593c940aa60_0;  alias, 1 drivers
v0x5593c940c220_0 .net "data2", 15 0, v0x5593c940afc0_0;  alias, 1 drivers
v0x5593c940c2e0_0 .net "out", 15 0, L_0x5593c940eb60;  alias, 1 drivers
v0x5593c940c3a0_0 .net "sel", 0 0, v0x5593c9409ff0_0;  alias, 1 drivers
L_0x5593c940eb60 .functor MUXZ 16, v0x5593c940afc0_0, v0x5593c940aa60_0, v0x5593c9409ff0_0, C4<>;
S_0x5593c940c500 .scope module, "MUX_load" "MUX" 4 12, 4 42 0, S_0x5593c940a470;
 .timescale 0 0;
    .port_info 0 /OUTPUT 16 "out"
    .port_info 1 /INPUT 16 "data1"
    .port_info 2 /INPUT 16 "data2"
    .port_info 3 /INPUT 1 "sel"
v0x5593c940c6d0_0 .net "data1", 15 0, v0x5593c940cf30_0;  alias, 1 drivers
v0x5593c940c7d0_0 .net "data2", 15 0, v0x5593c940e250_0;  alias, 1 drivers
v0x5593c940c8b0_0 .net "out", 15 0, L_0x5593c940ecb0;  alias, 1 drivers
v0x5593c940c9d0_0 .net "sel", 0 0, v0x5593c940a0b0_0;  alias, 1 drivers
L_0x5593c940ecb0 .functor MUXZ 16, v0x5593c940e250_0, v0x5593c940cf30_0, v0x5593c940a0b0_0, C4<>;
S_0x5593c940cb00 .scope module, "SB" "SUB" 4 13, 4 26 0, S_0x5593c940a470;
 .timescale 0 0;
    .port_info 0 /OUTPUT 16 "out"
    .port_info 1 /INPUT 16 "in1"
    .port_info 2 /INPUT 16 "in2"
v0x5593c940cd80_0 .net "in1", 15 0, L_0x5593c940ea30;  alias, 1 drivers
v0x5593c940ce60_0 .net "in2", 15 0, L_0x5593c940eb60;  alias, 1 drivers
v0x5593c940cf30_0 .var "out", 15 0;
E_0x5593c93c1cb0 .event edge, v0x5593c940bd30_0, v0x5593c940c2e0_0;
    .scope S_0x5593c940a710;
T_0 ;
    %wait E_0x5593c93c1950;
    %load/vec4 v0x5593c940ab20_0;
    %flag_set/vec4 8;
    %jmp/0xz  T_0.0, 8;
    %load/vec4 v0x5593c940a9a0_0;
    %assign/vec4 v0x5593c940aa60_0, 0;
T_0.0 ;
    %jmp T_0;
    .thread T_0;
    .scope S_0x5593c940ac20;
T_1 ;
    %wait E_0x5593c93c1950;
    %load/vec4 v0x5593c940b090_0;
    %flag_set/vec4 8;
    %jmp/0xz  T_1.0, 8;
    %load/vec4 v0x5593c940af00_0;
    %assign/vec4 v0x5593c940afc0_0, 0;
T_1.0 ;
    %jmp T_1;
    .thread T_1;
    .scope S_0x5593c940cb00;
T_2 ;
    %wait E_0x5593c93c1cb0;
    %load/vec4 v0x5593c940cd80_0;
    %load/vec4 v0x5593c940ce60_0;
    %sub;
    %store/vec4 v0x5593c940cf30_0, 0, 16;
    %jmp T_2;
    .thread T_2, $push;
    .scope S_0x5593c93ea8f0;
T_3 ;
    %wait E_0x5593c93c1950;
    %load/vec4 v0x5593c940a170_0;
    %pad/u 3;
    %dup/vec4;
    %pushi/vec4 0, 0, 3;
    %cmp/u;
    %jmp/1 T_3.0, 6;
    %dup/vec4;
    %pushi/vec4 1, 0, 3;
    %cmp/u;
    %jmp/1 T_3.1, 6;
    %dup/vec4;
    %pushi/vec4 2, 0, 3;
    %cmp/u;
    %jmp/1 T_3.2, 6;
    %dup/vec4;
    %pushi/vec4 3, 0, 3;
    %cmp/u;
    %jmp/1 T_3.3, 6;
    %dup/vec4;
    %pushi/vec4 4, 0, 3;
    %cmp/u;
    %jmp/1 T_3.4, 6;
    %dup/vec4;
    %pushi/vec4 5, 0, 3;
    %cmp/u;
    %jmp/1 T_3.5, 6;
    %pushi/vec4 0, 0, 3;
    %assign/vec4 v0x5593c940a230_0, 0;
    %jmp T_3.7;
T_3.0 ;
    %load/vec4 v0x5593c940a170_0;
    %flag_set/vec4 8;
    %jmp/0xz  T_3.8, 8;
    %pushi/vec4 1, 0, 3;
    %assign/vec4 v0x5593c940a230_0, 0;
T_3.8 ;
    %jmp T_3.7;
T_3.1 ;
    %pushi/vec4 2, 0, 3;
    %assign/vec4 v0x5593c940a230_0, 0;
    %jmp T_3.7;
T_3.2 ;
    %delay 2, 0;
    %load/vec4 v0x5593c9409b40_0;
    %flag_set/vec4 8;
    %jmp/0xz  T_3.10, 8;
    %pushi/vec4 5, 0, 3;
    %assign/vec4 v0x5593c940a230_0, 0;
    %jmp T_3.11;
T_3.10 ;
    %load/vec4 v0x5593c9409e70_0;
    %flag_set/vec4 8;
    %jmp/0xz  T_3.12, 8;
    %pushi/vec4 3, 0, 3;
    %assign/vec4 v0x5593c940a230_0, 0;
    %jmp T_3.13;
T_3.12 ;
    %load/vec4 v0x5593c9409be0_0;
    %flag_set/vec4 8;
    %jmp/0xz  T_3.14, 8;
    %pushi/vec4 4, 0, 3;
    %assign/vec4 v0x5593c940a230_0, 0;
T_3.14 ;
T_3.13 ;
T_3.11 ;
    %jmp T_3.7;
T_3.3 ;
    %delay 2, 0;
    %load/vec4 v0x5593c9409b40_0;
    %flag_set/vec4 8;
    %jmp/0xz  T_3.16, 8;
    %pushi/vec4 5, 0, 3;
    %assign/vec4 v0x5593c940a230_0, 0;
    %jmp T_3.17;
T_3.16 ;
    %load/vec4 v0x5593c9409e70_0;
    %flag_set/vec4 8;
    %jmp/0xz  T_3.18, 8;
    %pushi/vec4 3, 0, 3;
    %assign/vec4 v0x5593c940a230_0, 0;
    %jmp T_3.19;
T_3.18 ;
    %load/vec4 v0x5593c9409be0_0;
    %flag_set/vec4 8;
    %jmp/0xz  T_3.20, 8;
    %pushi/vec4 4, 0, 3;
    %assign/vec4 v0x5593c940a230_0, 0;
T_3.20 ;
T_3.19 ;
T_3.17 ;
    %jmp T_3.7;
T_3.4 ;
    %delay 2, 0;
    %load/vec4 v0x5593c9409b40_0;
    %flag_set/vec4 8;
    %jmp/0xz  T_3.22, 8;
    %pushi/vec4 5, 0, 3;
    %assign/vec4 v0x5593c940a230_0, 0;
    %jmp T_3.23;
T_3.22 ;
    %load/vec4 v0x5593c9409e70_0;
    %flag_set/vec4 8;
    %jmp/0xz  T_3.24, 8;
    %pushi/vec4 3, 0, 3;
    %assign/vec4 v0x5593c940a230_0, 0;
    %jmp T_3.25;
T_3.24 ;
    %load/vec4 v0x5593c9409be0_0;
    %flag_set/vec4 8;
    %jmp/0xz  T_3.26, 8;
    %pushi/vec4 4, 0, 3;
    %assign/vec4 v0x5593c940a230_0, 0;
T_3.26 ;
T_3.25 ;
T_3.23 ;
    %jmp T_3.7;
T_3.5 ;
    %pushi/vec4 5, 0, 3;
    %assign/vec4 v0x5593c940a230_0, 0;
    %jmp T_3.7;
T_3.7 ;
    %pop/vec4 1;
    %jmp T_3;
    .thread T_3;
    .scope S_0x5593c93ea8f0;
T_4 ;
    %wait E_0x5593c93c1810;
    %load/vec4 v0x5593c940a230_0;
    %dup/vec4;
    %pushi/vec4 0, 0, 3;
    %cmp/u;
    %jmp/1 T_4.0, 6;
    %dup/vec4;
    %pushi/vec4 1, 0, 3;
    %cmp/u;
    %jmp/1 T_4.1, 6;
    %dup/vec4;
    %pushi/vec4 2, 0, 3;
    %cmp/u;
    %jmp/1 T_4.2, 6;
    %dup/vec4;
    %pushi/vec4 3, 0, 3;
    %cmp/u;
    %jmp/1 T_4.3, 6;
    %dup/vec4;
    %pushi/vec4 4, 0, 3;
    %cmp/u;
    %jmp/1 T_4.4, 6;
    %dup/vec4;
    %pushi/vec4 5, 0, 3;
    %cmp/u;
    %jmp/1 T_4.5, 6;
    %pushi/vec4 0, 0, 1;
    %store/vec4 v0x5593c9409ca0_0, 0, 1;
    %pushi/vec4 0, 0, 1;
    %store/vec4 v0x5593c9409db0_0, 0, 1;
    %jmp T_4.7;
T_4.0 ;
    %pushi/vec4 1, 0, 1;
    %store/vec4 v0x5593c940a0b0_0, 0, 1;
    %pushi/vec4 1, 0, 1;
    %store/vec4 v0x5593c9409ca0_0, 0, 1;
    %pushi/vec4 0, 0, 1;
    %store/vec4 v0x5593c9409db0_0, 0, 1;
    %pushi/vec4 0, 0, 1;
    %store/vec4 v0x5593c93df670_0, 0, 1;
    %jmp T_4.7;
T_4.1 ;
    %pushi/vec4 1, 0, 1;
    %store/vec4 v0x5593c940a0b0_0, 0, 1;
    %pushi/vec4 0, 0, 1;
    %store/vec4 v0x5593c9409ca0_0, 0, 1;
    %pushi/vec4 0, 0, 1;
    %store/vec4 v0x5593c9409db0_0, 0, 1;
    %jmp T_4.7;
T_4.2 ;
    %load/vec4 v0x5593c9409b40_0;
    %flag_set/vec4 8;
    %jmp/0xz  T_4.8, 8;
    %pushi/vec4 1, 0, 1;
    %store/vec4 v0x5593c93df670_0, 0, 1;
    %jmp T_4.9;
T_4.8 ;
    %load/vec4 v0x5593c9409e70_0;
    %flag_set/vec4 8;
    %jmp/0xz  T_4.10, 8;
    %pushi/vec4 1, 0, 1;
    %store/vec4 v0x5593c9409f30_0, 0, 1;
    %pushi/vec4 0, 0, 1;
    %store/vec4 v0x5593c9409ff0_0, 0, 1;
    %pushi/vec4 0, 0, 1;
    %store/vec4 v0x5593c940a0b0_0, 0, 1;
    %delay 1, 0;
    %pushi/vec4 0, 0, 1;
    %store/vec4 v0x5593c9409ca0_0, 0, 1;
    %pushi/vec4 1, 0, 1;
    %store/vec4 v0x5593c9409db0_0, 0, 1;
    %jmp T_4.11;
T_4.10 ;
    %load/vec4 v0x5593c9409be0_0;
    %flag_set/vec4 8;
    %jmp/0xz  T_4.12, 8;
    %pushi/vec4 0, 0, 1;
    %store/vec4 v0x5593c9409f30_0, 0, 1;
    %pushi/vec4 1, 0, 1;
    %store/vec4 v0x5593c9409ff0_0, 0, 1;
    %pushi/vec4 0, 0, 1;
    %store/vec4 v0x5593c940a0b0_0, 0, 1;
    %delay 1, 0;
    %pushi/vec4 1, 0, 1;
    %store/vec4 v0x5593c9409ca0_0, 0, 1;
    %pushi/vec4 0, 0, 1;
    %store/vec4 v0x5593c9409db0_0, 0, 1;
T_4.12 ;
T_4.11 ;
T_4.9 ;
    %jmp T_4.7;
T_4.3 ;
    %load/vec4 v0x5593c9409b40_0;
    %flag_set/vec4 8;
    %jmp/0xz  T_4.14, 8;
    %pushi/vec4 1, 0, 1;
    %store/vec4 v0x5593c93df670_0, 0, 1;
    %jmp T_4.15;
T_4.14 ;
    %load/vec4 v0x5593c9409e70_0;
    %flag_set/vec4 8;
    %jmp/0xz  T_4.16, 8;
    %pushi/vec4 1, 0, 1;
    %store/vec4 v0x5593c9409f30_0, 0, 1;
    %pushi/vec4 0, 0, 1;
    %store/vec4 v0x5593c9409ff0_0, 0, 1;
    %pushi/vec4 0, 0, 1;
    %store/vec4 v0x5593c940a0b0_0, 0, 1;
    %delay 1, 0;
    %pushi/vec4 0, 0, 1;
    %store/vec4 v0x5593c9409ca0_0, 0, 1;
    %pushi/vec4 1, 0, 1;
    %store/vec4 v0x5593c9409db0_0, 0, 1;
    %jmp T_4.17;
T_4.16 ;
    %load/vec4 v0x5593c9409be0_0;
    %flag_set/vec4 8;
    %jmp/0xz  T_4.18, 8;
    %pushi/vec4 0, 0, 1;
    %store/vec4 v0x5593c9409f30_0, 0, 1;
    %pushi/vec4 1, 0, 1;
    %store/vec4 v0x5593c9409ff0_0, 0, 1;
    %pushi/vec4 0, 0, 1;
    %store/vec4 v0x5593c940a0b0_0, 0, 1;
    %delay 1, 0;
    %pushi/vec4 1, 0, 1;
    %store/vec4 v0x5593c9409ca0_0, 0, 1;
    %pushi/vec4 0, 0, 1;
    %store/vec4 v0x5593c9409db0_0, 0, 1;
T_4.18 ;
T_4.17 ;
T_4.15 ;
    %jmp T_4.7;
T_4.4 ;
    %load/vec4 v0x5593c9409b40_0;
    %flag_set/vec4 8;
    %jmp/0xz  T_4.20, 8;
    %pushi/vec4 1, 0, 1;
    %store/vec4 v0x5593c93df670_0, 0, 1;
    %jmp T_4.21;
T_4.20 ;
    %load/vec4 v0x5593c9409e70_0;
    %flag_set/vec4 8;
    %jmp/0xz  T_4.22, 8;
    %pushi/vec4 1, 0, 1;
    %store/vec4 v0x5593c9409f30_0, 0, 1;
    %pushi/vec4 0, 0, 1;
    %store/vec4 v0x5593c9409ff0_0, 0, 1;
    %pushi/vec4 0, 0, 1;
    %store/vec4 v0x5593c940a0b0_0, 0, 1;
    %delay 1, 0;
    %pushi/vec4 0, 0, 1;
    %store/vec4 v0x5593c9409ca0_0, 0, 1;
    %pushi/vec4 1, 0, 1;
    %store/vec4 v0x5593c9409db0_0, 0, 1;
    %jmp T_4.23;
T_4.22 ;
    %load/vec4 v0x5593c9409be0_0;
    %flag_set/vec4 8;
    %jmp/0xz  T_4.24, 8;
    %pushi/vec4 0, 0, 1;
    %store/vec4 v0x5593c9409f30_0, 0, 1;
    %pushi/vec4 1, 0, 1;
    %store/vec4 v0x5593c9409ff0_0, 0, 1;
    %pushi/vec4 0, 0, 1;
    %store/vec4 v0x5593c940a0b0_0, 0, 1;
    %delay 1, 0;
    %pushi/vec4 1, 0, 1;
    %store/vec4 v0x5593c9409ca0_0, 0, 1;
    %pushi/vec4 0, 0, 1;
    %store/vec4 v0x5593c9409db0_0, 0, 1;
T_4.24 ;
T_4.23 ;
T_4.21 ;
    %jmp T_4.7;
T_4.5 ;
    %pushi/vec4 1, 0, 1;
    %store/vec4 v0x5593c93df670_0, 0, 1;
    %pushi/vec4 0, 0, 1;
    %store/vec4 v0x5593c9409f30_0, 0, 1;
    %pushi/vec4 0, 0, 1;
    %store/vec4 v0x5593c9409ff0_0, 0, 1;
    %pushi/vec4 0, 0, 1;
    %store/vec4 v0x5593c9409db0_0, 0, 1;
    %pushi/vec4 0, 0, 1;
    %store/vec4 v0x5593c9409ca0_0, 0, 1;
    %jmp T_4.7;
T_4.7 ;
    %pop/vec4 1;
    %jmp T_4;
    .thread T_4, $push;
    .scope S_0x5593c93ea770;
T_5 ;
    %pushi/vec4 0, 0, 1;
    %store/vec4 v0x5593c940e100_0, 0, 1;
    %delay 3, 0;
    %pushi/vec4 1, 0, 1;
    %store/vec4 v0x5593c940e990_0, 0, 1;
    %delay 1000, 0;
    %vpi_call 2 15 "$finish" {0 0 0};
    %end;
    .thread T_5;
    .scope S_0x5593c93ea770;
T_6 ;
    %delay 5, 0;
    %load/vec4 v0x5593c940e100_0;
    %inv;
    %store/vec4 v0x5593c940e100_0, 0, 1;
    %jmp T_6;
    .thread T_6;
    .scope S_0x5593c93ea770;
T_7 ;
    %delay 12, 0;
    %pushi/vec4 143, 0, 16;
    %store/vec4 v0x5593c940e250_0, 0, 16;
    %delay 10, 0;
    %pushi/vec4 78, 0, 16;
    %store/vec4 v0x5593c940e250_0, 0, 16;
    %end;
    .thread T_7;
    .scope S_0x5593c93ea770;
T_8 ;
    %vpi_call 2 28 "$monitor", $time, " %d %b", v0x5593c940d070_0, v0x5593c940e310_0 {0 0 0};
    %vpi_call 2 29 "$dumpfile", "gcd_out.out" {0 0 0};
    %vpi_call 2 30 "$dumpvars", 32'sb00000000000000000000000000000000, S_0x5593c93ea770 {0 0 0};
    %end;
    .thread T_8;
# The file index is used to find the file name in the following table.
:file_names 5;
    "N/A";
    "<interactive>";
    "gcd_compilation_tb.v";
    "gcd_compilation_controller.v";
    "gcd_compilation_datapath.v";
