#! /usr/bin/vvp
:ivl_version "10.1 (stable)";
:ivl_delay_selection "TYPICAL";
:vpi_time_precision - 12;
:vpi_module "system";
:vpi_module "vhdl_sys";
:vpi_module "v2005_math";
:vpi_module "va_math";
S_0x5599be837d00 .scope module, "testbench" "testbench" 2 3;
 .timescale -9 -12;
v0x5599be858360_0 .var "clk", 0 0;
v0x5599be858430_0 .var "in", 0 0;
v0x5599be858500_0 .net "out", 0 0, v0x5599be858240_0;  1 drivers
S_0x5599be837e80 .scope module, "dut" "flip_flop" 2 8, 3 1 0, S_0x5599be837d00;
 .timescale 0 0;
    .port_info 0 /INPUT 1 "clk"
    .port_info 1 /INPUT 1 "d"
    .port_info 2 /OUTPUT 1 "q"
v0x5599be8380c0_0 .net "clk", 0 0, v0x5599be858360_0;  1 drivers
v0x5599be858180_0 .net "d", 0 0, v0x5599be858430_0;  1 drivers
v0x5599be858240_0 .var "q", 0 0;
E_0x5599be832400 .event posedge, v0x5599be8380c0_0;
    .scope S_0x5599be837e80;
T_0 ;
    %wait E_0x5599be832400;
    %load/vec4 v0x5599be858180_0;
    %assign/vec4 v0x5599be858240_0, 0;
    %jmp T_0;
    .thread T_0;
    .scope S_0x5599be837d00;
T_1 ;
    %pushi/vec4 0, 0, 1;
    %store/vec4 v0x5599be858360_0, 0, 1;
T_1.0 ;
    %delay 10000, 0;
    %load/vec4 v0x5599be858360_0;
    %inv;
    %store/vec4 v0x5599be858360_0, 0, 1;
    %jmp T_1.0;
    %end;
    .thread T_1;
    .scope S_0x5599be837d00;
T_2 ;
    %vpi_call 2 16 "$dumpfile", "flip_flop_out.vcd" {0 0 0};
    %vpi_call 2 17 "$dumpvars", 32'sb00000000000000000000000000000000, S_0x5599be837d00 {0 0 0};
    %vpi_call 2 18 "$monitor", $time, "  in = %b , clk = %b , out = %b ", v0x5599be858430_0, v0x5599be858360_0, v0x5599be858500_0 {0 0 0};
    %delay 10000, 0;
    %pushi/vec4 0, 0, 1;
    %store/vec4 v0x5599be858430_0, 0, 1;
    %delay 10000, 0;
    %pushi/vec4 1, 0, 1;
    %store/vec4 v0x5599be858430_0, 0, 1;
    %delay 10000, 0;
    %pushi/vec4 1, 0, 1;
    %store/vec4 v0x5599be858430_0, 0, 1;
    %delay 10000, 0;
    %pushi/vec4 1, 0, 1;
    %store/vec4 v0x5599be858430_0, 0, 1;
    %delay 10000, 0;
    %pushi/vec4 0, 0, 1;
    %store/vec4 v0x5599be858430_0, 0, 1;
    %delay 10000, 0;
    %vpi_call 2 26 "$finish" {0 0 0};
    %end;
    .thread T_2;
# The file index is used to find the file name in the following table.
:file_names 4;
    "N/A";
    "<interactive>";
    "flipflop_with_positive_edge_tb.v";
    "flipflop_with_positive_edge.v";
